<?xml version="1.0" encoding="utf-8"?><testsuites name="pytest tests"><testsuite name="pytest" errors="0" failures="0" skipped="0" tests="6" time="0.409" timestamp="2025-12-24T17:51:07.159880+03:00" hostname="Muhammet"><testcase classname="app.tests.test_stocks" name="test_health_check" time="0.056" /><testcase classname="app.tests.test_stocks" name="test_get_stock_not_found" time="0.024" /><testcase classname="app.tests.test_stocks" name="test_get_stock_success" time="0.042" /><testcase classname="app.tests.test_users" name="test_create_user_success" time="0.034" /><testcase classname="app.tests.test_users" name="test_create_user_duplicate_email" time="0.023" /><testcase classname="app.tests.test_users" name="test_list_users" time="0.028" /></testsuite></testsuites>