<?xml version="1.0" encoding="utf-8"?><testsuites name="pytest tests"><testsuite name="pytest" errors="0" failures="0" skipped="0" tests="9" time="1.219" timestamp="2025-12-31T13:36:02.204946+03:00" hostname="Muhammet"><testcase classname="app.tests.test_forecast" name="test_trigger_forecast_success" time="0.080" /><testcase classname="app.tests.test_forecast" name="test_poll_status_pending" time="0.032" /><testcase classname="app.tests.test_forecast" name="test_poll_status_completed" time="0.028" /><testcase classname="app.tests.test_stocks" name="test_health_check" time="0.090" /><testcase classname="app.tests.test_stocks" name="test_get_stock_not_found" time="0.080" /><testcase classname="app.tests.test_stocks" name="test_get_stock_success" time="0.264" /><testcase classname="app.tests.test_users" name="test_create_user_success" time="0.075" /><testcase classname="app.tests.test_users" name="test_create_user_duplicate_email" time="0.033" /><testcase classname="app.tests.test_users" name="test_list_users" time="0.041" /></testsuite></testsuites>